{
  "stats": {
    "suites": 1,
    "tests": 3,
    "passes": 2,
    "pending": 0,
    "failures": 1,
    "start": "2024-11-26T23:58:55.814Z",
    "end": "2024-11-26T23:59:07.311Z",
    "duration": 11497,
    "testsRegistered": 3,
    "passPercent": 66.66666666666666,
    "pendingPercent": 0,
    "other": 0,
    "hasOther": false,
    "skipped": 0,
    "hasSkipped": false
  },
  "results": [
    {
      "uuid": "38197a61-0929-4d3c-bb0c-af8b024f00b1",
      "title": "",
      "fullFile": "cypress\\e2e\\prova.cy.js",
      "file": "cypress\\e2e\\prova.cy.js",
      "beforeHooks": [],
      "afterHooks": [],
      "tests": [],
      "suites": [
        {
          "uuid": "da8e422f-de03-4d9a-b558-e23a26149e1b",
          "title": "Testes Negativos",
          "fullFile": "",
          "file": "",
          "beforeHooks": [],
          "afterHooks": [],
          "tests": [
            {
              "title": "Deve falhar ao adicionar um computador com data de introdução posterior à data de descontinuação",
              "fullTitle": "Testes Negativos Deve falhar ao adicionar um computador com data de introdução posterior à data de descontinuação",
              "timedOut": null,
              "duration": 2524,
              "state": "passed",
              "speed": "fast",
              "pass": true,
              "fail": false,
              "pending": false,
              "context": null,
              "code": "cy.visit('https://computer-database.gatling.io/computers');\n// Clica no botão \"Adicionar novo computador\"\ncy.get('#add').click();\n// Preenche o campo de nome com um nome válido\ncy.get('#name').type('Computador com Data Inválida');\n// Preenche o campo de data de introdução com uma data posterior à data de descontinuação\nconst introducedDate = '2023-12-31';\nconst discontinuedDate = '2023-01-01';\ncy.get('#introduced').type(introducedDate);\ncy.get('#discontinued').type(discontinuedDate);\n// Verifica se a data de introdução é posterior à data de descontinuação\nif (verificarDataInvalida(introducedDate, discontinuedDate)) {\n  // Seleciona uma empresa válida\n  cy.get('#company').select('IBM');\n  // Clica no botão \"Criar este computador\"\n  cy.get('.btn.primary').click();\n  // Verifica se a mensagem de erro é exibida\n  cy.get('.error > .input').should('be.visible');\n} else {\n  throw new Error('A data de introdução não é posterior à data de descontinuação');\n}",
              "err": {},
              "uuid": "6d87dba9-db38-4b5a-a1b4-5957c7de15a3",
              "parentUUID": "da8e422f-de03-4d9a-b558-e23a26149e1b",
              "isHook": false,
              "skipped": false
            },
            {
              "title": "Deve falhar ao adicionar um computador com dados inválidos",
              "fullTitle": "Testes Negativos Deve falhar ao adicionar um computador com dados inválidos",
              "timedOut": null,
              "duration": 2156,
              "state": "passed",
              "speed": "fast",
              "pass": true,
              "fail": false,
              "pending": false,
              "context": null,
              "code": "cy.visit('https://computer-database.gatling.io/computers');\ncy.get('#add').click();\ncy.get('#name').type('Computador Inválido');\ncy.get('#introduced').type('data-invalida');\ncy.get('#discontinued').type('data-invalida');\ncy.get('#company').select('IBM');\ncy.get('.btn.primary').click();\ncy.get('.error > .input').should('be.visible');",
              "err": {},
              "uuid": "332b2ce4-4435-47c7-a7f1-01f4cae8c585",
              "parentUUID": "da8e422f-de03-4d9a-b558-e23a26149e1b",
              "isHook": false,
              "skipped": false
            },
            {
              "title": "Deve falhar ao excluir um computador que não existe",
              "fullTitle": "Testes Negativos Deve falhar ao excluir um computador que não existe",
              "timedOut": null,
              "duration": 4516,
              "state": "failed",
              "speed": null,
              "pass": false,
              "fail": true,
              "pending": false,
              "context": "{\n  \"title\": \"cypress-mochawesome-reporter-screenshots\",\n  \"value\": [\n    [\n      \"\\\\prova.cy.js\\\\Testes Negativos -- Deve falhar ao excluir um computador que não existe (failed).png\"\n    ]\n  ]\n}",
              "code": "cy.visit('https://computer-database.gatling.io/computers');\n// Tenta encontrar o link com o texto \"Computador Inexistente\"\ncy.get('a').contains('Computador Inexistente').then($link => {\n  if ($link.length > 0) {\n    // Se o link existir, clique nele\n    cy.wrap($link).click();\n  } else {\n    // Se o link não existir, simule uma tentativa de exclusão\n    cy.get('#searchbox').type('Computador Inexistente');\n    cy.get('#searchsubmit').click();\n    cy.get('.well').should('contain', 'Nothing to display');\n  }\n}).then(() => {\n  // Tenta clicar no botão de exclusão\n  cy.get('.btn.danger').click({\n    force: true\n  });\n  // Verifica se a mensagem de erro é exibida\n  cy.get('.alert-message').should('contain', 'Computador não encontrado');\n});",
              "err": {
                "message": "AssertionError: Timed out retrying after 4000ms: Expected to find content: 'Computador Inexistente' within the element: <a> but never did.",
                "estack": "AssertionError: Timed out retrying after 4000ms: Expected to find content: 'Computador Inexistente' within the element: <a> but never did.\n    at Context.eval (webpack:///./cypress/e2e/prova.cy.js:56:20)",
                "diff": null
              },
              "uuid": "e0df8fc7-d04b-4293-9d32-40f36a258ad0",
              "parentUUID": "da8e422f-de03-4d9a-b558-e23a26149e1b",
              "isHook": false,
              "skipped": false
            }
          ],
          "suites": [],
          "passes": [
            "6d87dba9-db38-4b5a-a1b4-5957c7de15a3",
            "332b2ce4-4435-47c7-a7f1-01f4cae8c585"
          ],
          "failures": [
            "e0df8fc7-d04b-4293-9d32-40f36a258ad0"
          ],
          "pending": [],
          "skipped": [],
          "duration": 9196,
          "root": false,
          "rootEmpty": false,
          "_timeout": 2000
        }
      ],
      "passes": [],
      "failures": [],
      "pending": [],
      "skipped": [],
      "duration": 0,
      "root": true,
      "rootEmpty": true,
      "_timeout": 2000
    }
  ],
  "meta": {
    "mocha": {
      "version": "7.0.1"
    },
    "mochawesome": {
      "options": {
        "quiet": false,
        "reportFilename": "mochawesome",
        "saveHtml": true,
        "saveJson": true,
        "consoleReporter": "spec",
        "useInlineDiffs": false,
        "code": true
      },
      "version": "7.1.3"
    },
    "marge": {
      "options": {
        "reportDir": "cypress/reports",
        "overwrite": false,
        "html": true,
        "json": true
      },
      "version": "6.2.0"
    }
  }
}